<?xml version="1.0" encoding="UTF-8"?>
<!-- Generated by org.testng.reporters.JUnitXMLReporter -->
<testsuite ignored="0" hostname="DESKTOP-Q2N33D7" failures="0" tests="4" name="Default test" time="0.078" errors="0" timestamp="2023-01-10T23:06:50 IST">
  <testcase classname="com.actitime.testscript.TestNgSript" name="deleteUser" time="0.011"/>
  <testcase classname="com.actitime.testscript.TestNgSript" name="register" time="0.001"/>
  <testcase classname="com.actitime.testscript.TestNgSript" name="editUser" time="0.001"/>
  <testcase classname="com.actitime.testscript.TestNgSript" name="editUser" time="0.001"/>
</testsuite> <!-- Default test -->
