<?xml version="1.0" encoding="UTF-8"?>
<testng-results ignored="0" total="4" passed="4" failed="0" skipped="0">
  <reporter-output>
    <line>
      <![CDATA[OpenApp]]>
    </line>
    <line>
      <![CDATA[Login]]>
    </line>
    <line>
      <![CDATA[Delete User]]>
    </line>
    <line>
      <![CDATA[Logout]]>
    </line>
    <line>
      <![CDATA[Login]]>
    </line>
    <line>
      <![CDATA[Register]]>
    </line>
    <line>
      <![CDATA[Logout]]>
    </line>
    <line>
      <![CDATA[Login]]>
    </line>
    <line>
      <![CDATA[Edit User]]>
    </line>
    <line>
      <![CDATA[Logout]]>
    </line>
    <line>
      <![CDATA[Login]]>
    </line>
    <line>
      <![CDATA[Edit User]]>
    </line>
    <line>
      <![CDATA[Logout]]>
    </line>
    <line>
      <![CDATA[CloseApp]]>
    </line>
  </reporter-output>
  <suite started-at="2023-01-10T23:06:50 IST" name="Default suite" finished-at="2023-01-10T23:06:50 IST" duration-ms="78">
    <groups>
    </groups>
    <test started-at="2023-01-10T23:06:50 IST" name="Default test" finished-at="2023-01-10T23:06:50 IST" duration-ms="78">
      <class name="com.actitime.testscript.TestNgSript">
        <test-method is-config="true" signature="openApp()[pri:0, instance:com.actitime.testscript.TestNgSript@6d4e5011]" started-at="2023-01-10T23:06:50 IST" name="openApp" finished-at="2023-01-10T23:06:50 IST" duration-ms="10" status="PASS">
          <reporter-output>
            <line>
              <![CDATA[OpenApp]]>
            </line>
          </reporter-output>
        </test-method> <!-- openApp -->
        <test-method is-config="true" signature="login()[pri:0, instance:com.actitime.testscript.TestNgSript@6d4e5011]" started-at="2023-01-10T23:06:50 IST" name="login" finished-at="2023-01-10T23:06:50 IST" duration-ms="1" status="PASS">
          <reporter-output>
            <line>
              <![CDATA[Login]]>
            </line>
          </reporter-output>
        </test-method> <!-- login -->
        <test-method signature="deleteUser()[pri:0, instance:com.actitime.testscript.TestNgSript@6d4e5011]" started-at="2023-01-10T23:06:50 IST" name="deleteUser" finished-at="2023-01-10T23:06:50 IST" duration-ms="11" status="PASS">
          <reporter-output>
            <line>
              <![CDATA[Delete User]]>
            </line>
          </reporter-output>
        </test-method> <!-- deleteUser -->
        <test-method is-config="true" signature="logout()[pri:0, instance:com.actitime.testscript.TestNgSript@6d4e5011]" started-at="2023-01-10T23:06:50 IST" name="logout" finished-at="2023-01-10T23:06:50 IST" duration-ms="1" status="PASS">
          <reporter-output>
            <line>
              <![CDATA[Logout]]>
            </line>
          </reporter-output>
        </test-method> <!-- logout -->
        <test-method is-config="true" signature="login()[pri:0, instance:com.actitime.testscript.TestNgSript@6d4e5011]" started-at="2023-01-10T23:06:50 IST" name="login" finished-at="2023-01-10T23:06:50 IST" duration-ms="1" status="PASS">
          <reporter-output>
            <line>
              <![CDATA[Login]]>
            </line>
          </reporter-output>
        </test-method> <!-- login -->
        <test-method signature="register()[pri:0, instance:com.actitime.testscript.TestNgSript@6d4e5011]" started-at="2023-01-10T23:06:50 IST" name="register" finished-at="2023-01-10T23:06:50 IST" duration-ms="1" status="PASS">
          <reporter-output>
            <line>
              <![CDATA[Register]]>
            </line>
          </reporter-output>
        </test-method> <!-- register -->
        <test-method is-config="true" signature="logout()[pri:0, instance:com.actitime.testscript.TestNgSript@6d4e5011]" started-at="2023-01-10T23:06:50 IST" name="logout" finished-at="2023-01-10T23:06:50 IST" duration-ms="1" status="PASS">
          <reporter-output>
            <line>
              <![CDATA[Logout]]>
            </line>
          </reporter-output>
        </test-method> <!-- logout -->
        <test-method is-config="true" signature="login()[pri:0, instance:com.actitime.testscript.TestNgSript@6d4e5011]" started-at="2023-01-10T23:06:50 IST" name="login" finished-at="2023-01-10T23:06:50 IST" duration-ms="0" status="PASS">
          <reporter-output>
            <line>
              <![CDATA[Login]]>
            </line>
          </reporter-output>
        </test-method> <!-- login -->
        <test-method signature="editUser()[pri:2, instance:com.actitime.testscript.TestNgSript@6d4e5011]" started-at="2023-01-10T23:06:50 IST" name="editUser" finished-at="2023-01-10T23:06:50 IST" duration-ms="1" status="PASS">
          <reporter-output>
            <line>
              <![CDATA[Edit User]]>
            </line>
          </reporter-output>
        </test-method> <!-- editUser -->
        <test-method is-config="true" signature="logout()[pri:0, instance:com.actitime.testscript.TestNgSript@6d4e5011]" started-at="2023-01-10T23:06:50 IST" name="logout" finished-at="2023-01-10T23:06:50 IST" duration-ms="0" status="PASS">
          <reporter-output>
            <line>
              <![CDATA[Logout]]>
            </line>
          </reporter-output>
        </test-method> <!-- logout -->
        <test-method is-config="true" signature="login()[pri:0, instance:com.actitime.testscript.TestNgSript@6d4e5011]" started-at="2023-01-10T23:06:50 IST" name="login" finished-at="2023-01-10T23:06:50 IST" duration-ms="0" status="PASS">
          <reporter-output>
            <line>
              <![CDATA[Login]]>
            </line>
          </reporter-output>
        </test-method> <!-- login -->
        <test-method signature="editUser()[pri:2, instance:com.actitime.testscript.TestNgSript@6d4e5011]" started-at="2023-01-10T23:06:50 IST" name="editUser" finished-at="2023-01-10T23:06:50 IST" duration-ms="1" status="PASS">
          <reporter-output>
            <line>
              <![CDATA[Edit User]]>
            </line>
          </reporter-output>
        </test-method> <!-- editUser -->
        <test-method is-config="true" signature="logout()[pri:0, instance:com.actitime.testscript.TestNgSript@6d4e5011]" started-at="2023-01-10T23:06:50 IST" name="logout" finished-at="2023-01-10T23:06:50 IST" duration-ms="0" status="PASS">
          <reporter-output>
            <line>
              <![CDATA[Logout]]>
            </line>
          </reporter-output>
        </test-method> <!-- logout -->
        <test-method is-config="true" signature="closeApp()[pri:0, instance:com.actitime.testscript.TestNgSript@6d4e5011]" started-at="2023-01-10T23:06:50 IST" name="closeApp" finished-at="2023-01-10T23:06:50 IST" duration-ms="0" status="PASS">
          <reporter-output>
            <line>
              <![CDATA[CloseApp]]>
            </line>
          </reporter-output>
        </test-method> <!-- closeApp -->
      </class> <!-- com.actitime.testscript.TestNgSript -->
    </test> <!-- Default test -->
  </suite> <!-- Default suite -->
</testng-results>
